[2021-02-20 12:29:45] [WARNING]: 请修改 config.hjson 以添加账号密码. 
[2021-02-20 12:30:15] [INFO]: 当前版本:v0.9.40 
[2021-02-20 12:30:15] [INFO]: 用户交流群: 721829413 
[2021-02-20 12:30:15] [INFO]: 将使用 device.json 内的设备信息运行Bot. 
[2021-02-20 12:30:15] [INFO]: Bot将在5秒后登录并开始信息处理, 按 Ctrl+C 取消. 
[2021-02-20 12:30:44] [INFO]: 当前版本:v0.9.40 
[2021-02-20 12:30:44] [INFO]: 用户交流群: 721829413 
[2021-02-20 12:30:44] [INFO]: 将使用 device.json 内的设备信息运行Bot. 
[2021-02-20 12:30:44] [INFO]: Bot将在5秒后登录并开始信息处理, 按 Ctrl+C 取消. 
[2021-02-20 12:30:49] [INFO]: 开始尝试登录并同步消息... 
[2021-02-20 12:30:49] [INFO]: 使用协议: iPad 
[2021-02-20 12:30:50] [INFO]: Protocol -> connect to server: 113.96.13.95:8080 
[2021-02-20 12:30:50] [INFO]: Admin API 服务器已启动: 127.0.0.1:9999 
[2021-02-20 12:30:50] [WARNING]: 登录失败: 帐号或密码错误，请重新输入。 
[2021-02-20 12:30:50] [INFO]: 按 Enter 继续.... 
[2021-02-20 12:36:29] [INFO]: 当前版本:v0.9.40 
[2021-02-20 12:36:29] [INFO]: 用户交流群: 721829413 
[2021-02-20 12:36:29] [INFO]: 将使用 device.json 内的设备信息运行Bot. 
[2021-02-20 12:36:29] [INFO]: Bot将在5秒后登录并开始信息处理, 按 Ctrl+C 取消. 
[2021-02-20 12:36:34] [INFO]: 开始尝试登录并同步消息... 
[2021-02-20 12:36:34] [INFO]: 使用协议: iPad 
[2021-02-20 12:36:34] [INFO]: Protocol -> connect to server: 113.96.13.87:8080 
[2021-02-20 12:36:34] [INFO]: Admin API 服务器已启动: 127.0.0.1:9999 
[2021-02-20 12:36:35] [INFO]: 登录成功 欢迎使用: MiserBot 米姬 
[2021-02-20 12:36:36] [INFO]: 开始加载好友列表... 
[2021-02-20 12:36:36] [INFO]: 共加载 7 个好友. 
[2021-02-20 12:36:36] [INFO]: 开始加载群列表... 
[2021-02-20 12:36:36] [INFO]: 共加载 1 个群. 
[2021-02-20 12:36:36] [INFO]: 信息数据库初始化完成. 
[2021-02-20 12:36:36] [INFO]: 正在加载事件过滤器. 
[2021-02-20 12:36:36] [WARNING]: 事件过滤器启动失败: open filter.json: The system cannot find the file specified. 
[2021-02-20 12:36:36] [INFO]: 正在加载silk编码器... 
[2021-02-20 12:36:36] [INFO]: 资源初始化完成, 开始处理信息. 
[2021-02-20 12:36:36] [INFO]: アトリは、高性能ですから! 
[2021-02-20 12:36:36] [INFO]: 正在检查更新. 
[2021-02-20 12:36:36] [INFO]: CQ Websocket 服务器已启动: 0.0.0.0:6700 
[2021-02-20 12:36:36] [INFO]: CQ HTTP 服务器已启动: 0.0.0.0:5700 
[2021-02-20 12:36:36] [ERROR]: listen tcp 0.0.0.0:5700: bind: An attempt was made to access a socket in a way forbidden by its access permissions. 
[2021-02-20 12:36:36] [INFO]: HTTP 服务启动失败, 请检查端口是否被占用. 
[2021-02-20 12:36:36] [WARNING]: 将在五秒后退出. 
[2021-02-20 12:36:37] [INFO]: 收到服务器地址更新通知, 根据配置文件已忽略. 
[2021-02-20 12:36:38] [INFO]: 当前有更新的 go-cqhttp 可供更新, 请前往 https://github.com/Mrs4s/go-cqhttp/releases 下载. 
[2021-02-20 12:36:38] [INFO]: 当前版本: v0.9.40 最新版本: v0.9.40-fix1 
[2021-02-20 12:37:03] [INFO]: 当前版本:v0.9.40 
[2021-02-20 12:37:03] [INFO]: 用户交流群: 721829413 
[2021-02-20 12:37:03] [INFO]: 将使用 device.json 内的设备信息运行Bot. 
[2021-02-20 12:37:03] [INFO]: Bot将在5秒后登录并开始信息处理, 按 Ctrl+C 取消. 
[2021-02-20 12:37:08] [INFO]: 开始尝试登录并同步消息... 
[2021-02-20 12:37:08] [INFO]: 使用协议: iPad 
[2021-02-20 12:37:08] [INFO]: Protocol -> connect to server: 113.96.13.79:8080 
[2021-02-20 12:37:08] [INFO]: Admin API 服务器已启动: 127.0.0.1:9999 
[2021-02-20 12:37:08] [INFO]: 登录成功 欢迎使用: MiserBot 米姬 
[2021-02-20 12:37:09] [INFO]: 开始加载好友列表... 
[2021-02-20 12:37:09] [INFO]: 共加载 7 个好友. 
[2021-02-20 12:37:09] [INFO]: 开始加载群列表... 
[2021-02-20 12:37:10] [INFO]: 共加载 1 个群. 
[2021-02-20 12:37:10] [INFO]: 信息数据库初始化完成. 
[2021-02-20 12:37:10] [INFO]: 正在加载事件过滤器. 
[2021-02-20 12:37:10] [WARNING]: 事件过滤器启动失败: open filter.json: The system cannot find the file specified. 
[2021-02-20 12:37:10] [INFO]: 正在加载silk编码器... 
[2021-02-20 12:37:10] [INFO]: 资源初始化完成, 开始处理信息. 
[2021-02-20 12:37:10] [INFO]: アトリは、高性能ですから! 
[2021-02-20 12:37:10] [INFO]: 正在检查更新. 
[2021-02-20 12:37:10] [INFO]: CQ Websocket 服务器已启动: 0.0.0.0:6700 
[2021-02-20 12:37:10] [INFO]: CQ HTTP 服务器已启动: 0.0.0.0:3916 
[2021-02-20 12:37:12] [INFO]: 当前有更新的 go-cqhttp 可供更新, 请前往 https://github.com/Mrs4s/go-cqhttp/releases 下载. 
[2021-02-20 12:37:12] [INFO]: 当前版本: v0.9.40 最新版本: v0.9.40-fix1 
[2021-02-20 12:37:18] [INFO]: 收到群 ParticleSoft-开学快乐(1132182555) 内 Mint 影粒(2661734285) 的消息: 就是这个 (1928668583) 
[2021-02-20 12:37:23] [INFO]: 收到群 ParticleSoft-开学快乐(1132182555) 内 Mint 影粒(2661734285) 的消息: [CQ:image,file=8c07c6cd854939e72b417cb5ac79733a.image] (99751217) 
[2021-02-20 12:37:23] [INFO]: 收到群 ParticleSoft-开学快乐(1132182555) 内 pvepvepvepvepvepvepvepvepvepveppvepvepvepvepvepvepvepvepve(2799979648) 的消息: 熊略女朋友 (-1406239509) 
[2021-02-20 12:37:29] [INFO]: 收到群 ParticleSoft-开学快乐(1132182555) 内 Mint 影粒(2661734285) 的消息: ？？？？？？ (-618050435) 
[2021-02-20 12:37:47] [INFO]: 收到群 ParticleSoft-开学快乐(1132182555) 内 pvpvpvpvpvpvpvpvpvpvpvpvpvpvpvpvpvpvp(2705948317) 的消息: ？？ (1109401031) 
[2021-02-20 12:37:50] [INFO]: 收到群 ParticleSoft-开学快乐(1132182555) 内 pvpvpvpvpvpvpvpvpvpvpvpvpvpvpvpvpvpvp(2705948317) 的消息: ？？？？？？ (-1421625102) 
[2021-02-20 12:37:52] [INFO]: 收到群 ParticleSoft-开学快乐(1132182555) 内 pvpvpvpvpvpvpvpvpvpvpvpvpvpvpvpvpvpvp(2705948317) 的消息: ？？？？？？ (-599488412) 
[2021-02-20 12:37:54] [INFO]: 收到群 ParticleSoft-开学快乐(1132182555) 内 pvpvpvpvpvpvpvpvpvpvpvpvpvpvpvpvpvpvp(2705948317) 的消息: ？？？？？？ (1162729950) 
[2021-02-20 12:37:55] [INFO]: 收到群 ParticleSoft-开学快乐(1132182555) 内 pvpvpvpvpvpvpvpvpvpvpvpvpvpvpvpvpvpvp(2705948317) 的消息: ？？？？？？ (843770184) 
[2021-02-20 12:37:55] [INFO]: 收到群 ParticleSoft-开学快乐(1132182555) 内 pvpvpvpvpvpvpvpvpvpvpvpvpvpvpvpvpvpvp(2705948317) 的消息: ？？？？？？ (-1560939303) 
[2021-02-20 12:37:56] [INFO]: 收到群 ParticleSoft-开学快乐(1132182555) 内 pvpvpvpvpvpvpvpvpvpvpvpvpvpvpvpvpvpvp(2705948317) 的消息: ？？？？？？ (-705510321) 
[2021-02-20 12:37:57] [INFO]: 收到群 ParticleSoft-开学快乐(1132182555) 内 pvpvpvpvpvpvpvpvpvpvpvpvpvpvpvpvpvpvp(2705948317) 的消息: ？？？？？？ (-1254797910) 
[2021-02-20 12:38:01] [INFO]: 收到群 ParticleSoft-开学快乐(1132182555) 内 pvepvepvepvepvepvepvepvepvepveppvepvepvepvepvepvepvepvepve(2799979648) 的消息: 就是 (-1036878532) 
[2021-02-20 12:38:04] [INFO]: 收到群 ParticleSoft-开学快乐(1132182555) 内 Mint 影粒(2661734285) 的消息: ？ (1530604678) 
[2021-02-20 12:38:08] [INFO]: 收到群 ParticleSoft-开学快乐(1132182555) 内 pvpvpvpvpvpvpvpvpvpvpvpvpvpvpvpvpvpvp(2705948317) 的消息: 艹他活了 (742136848) 
[2021-02-20 12:38:10] [INFO]: 收到群 ParticleSoft-开学快乐(1132182555) 内 pvpvpvpvpvpvpvpvpvpvpvpvpvpvpvpvpvpvp(2705948317) 的消息: 害怕 (-1302820429) 
[2021-02-20 12:38:37] [INFO]: 收到群 ParticleSoft-开学快乐(1132182555) 内 pvepvepvepvepvepvepvepvepvepveppvepvepvepvepvepvepvepvepve(2799979648) 的消息: 是她 (-983582427) 
[2021-02-20 12:38:52] [INFO]: 收到群 ParticleSoft-开学快乐(1132182555) 内 pvpvpvpvpvpvpvpvpvpvpvpvpvpvpvpvpvpvp(2705948317) 的消息: 懂了，明天就去拆van熊的家 (1549199519) 
[2021-02-20 12:40:16] [INFO]: 收到群 ParticleSoft-开学快乐(1132182555) 内 爸爸(1783970584) 的消息: van熊有没有开防爆 (726784009) 
[2021-02-20 12:40:17] [INFO]: 收到群 ParticleSoft-开学快乐(1132182555) 内 Алкоголь(2656535298) 的消息: [CQ:reply,id=1708270841][CQ:at,qq=2661734285] [CQ:at,qq=2661734285] 好爸爸 (-1141979752) 
[2021-02-20 12:40:28] [INFO]: 收到群 ParticleSoft-开学快乐(1132182555) 内 Алкоголь(2656535298) 的消息: [CQ:image,file=e94d088cd80fee7b6fe2a17c007f88c8.image] (-857082610) 
[2021-02-20 12:40:58] [INFO]: 收到群 ParticleSoft-开学快乐(1132182555) 内 爸爸(1783970584) 的消息: [CQ:reply,id=-1141979752][CQ:at,qq=2656535298] [CQ:at,qq=2656535298] 澄清：我没有帮他 (-1642586519) 
[2021-02-20 12:43:47] [INFO]: 收到群 ParticleSoft-开学快乐(1132182555) 内 Алкоголь(2656535298) 的消息: [CQ:reply,id=-1642586519][CQ:at,qq=1783970584] [CQ:at,qq=1783970584] 那你改成曾祖父吧 (-383832321) 
