[2021-02-19 17:17:03] [INFO]: 当前版本:v0.9.40 
[2021-02-19 17:17:03] [INFO]: 用户交流群: 721829413 
[2021-02-19 17:17:03] [INFO]: 将使用 device.json 内的设备信息运行Bot. 
[2021-02-19 17:17:03] [INFO]: Bot将在5秒后登录并开始信息处理, 按 Ctrl+C 取消. 
[2021-02-19 17:17:08] [INFO]: 开始尝试登录并同步消息... 
[2021-02-19 17:17:08] [INFO]: 使用协议: iPad 
[2021-02-19 17:17:10] [INFO]: Protocol -> connect to server: 113.96.13.95:8080 
[2021-02-19 17:17:10] [ERROR]: Protocol -> unknown group msg: 0 
[2021-02-19 17:17:11] [INFO]: 登录成功 欢迎使用: Mint 影粒 
[2021-02-19 17:17:12] [INFO]: 开始加载好友列表... 
[2021-02-19 17:17:12] [INFO]: 共加载 87 个好友. 
[2021-02-19 17:17:12] [INFO]: 开始加载群列表... 
[2021-02-19 17:17:13] [INFO]: 共加载 26 个群. 
[2021-02-19 17:17:13] [INFO]: 信息数据库初始化完成. 
[2021-02-19 17:17:13] [WARNING]: post_message_format 配置错误, 将自动使用 string 
[2021-02-19 17:17:13] [INFO]: 正在加载事件过滤器. 
[2021-02-19 17:17:13] [WARNING]: 事件过滤器启动失败: open filter.json: The system cannot find the file specified. 
[2021-02-19 17:17:13] [INFO]: 正在加载silk编码器... 
[2021-02-19 17:17:13] [INFO]: 收到服务器地址更新通知, 根据配置文件已忽略. 
[2021-02-19 17:17:14] [INFO]: 资源初始化完成, 开始处理信息. 
[2021-02-19 17:17:14] [INFO]: アトリは、高性能ですから! 
[2021-02-19 17:17:14] [INFO]: 正在检查更新. 
[2021-02-19 17:17:14] [INFO]: CQ HTTP 服务器已启动: 0.0.0.0:3916 
[2021-02-19 17:17:16] [INFO]: 检查更新完成. 当前已运行最新版本. 
[2021-02-19 17:17:24] [INFO]: 新成员 Andrew(812442155) 进入了群 闪库用户交流群(995385491). 
[2021-02-19 17:17:24] [INFO]: 收到好友 Ryan and his(3487719451) 的消息: 我的世界用哪个版本 (1189049859) 
[2021-02-19 17:17:24] [INFO]: 收到群 闪库用户交流群(995385491) 内 Q群管家(2854196310) 的消息: [CQ:at,qq=812442155] 此群为内网穿透交流群，有什么问题可以在群里反馈，或者私聊群主！使用教程看群文件！
——来自群管理员（2375982422）的编辑 (198048349) 
[2021-02-19 17:18:04] [INFO]: 收到群 闪库用户交流群(995385491) 内 Andrew(812442155) 的消息: [CQ:face,id=181] (-1686968372) 
[2021-02-19 17:18:14] [INFO]: 收到群 ParticleSoft-开学快乐(1132182555) 内 MiserBot 米姬(1634433532) 的消息: API找到了 (-425514943) 
[2021-02-19 17:18:16] [INFO]: 收到群 ParticleSoft-开学快乐(1132182555) 内 MiserBot 米姬(1634433532) 的消息: 好耶 (2026356194) 
[2021-02-19 17:18:42] [INFO]: 收到群 ParticleSoft-开学快乐(1132182555) 内 MiserBot 米姬(1634433532) 的消息: [CQ:image,file=71b3517e4a67c5993def29c478d8ed59.image] (264277364) 
[2021-02-19 17:21:17] [INFO]: 收到群 牛气冲天 · IronEggs(751555929) 内 Napstablook-owo(406275296) 的消息: [CQ:image,file=9cb6006c53ed1c33d0549714f905391e.image] (1944022933) 
[2021-02-19 17:22:22] [INFO]: 收到群 ParticleSoft-开学快乐(1132182555) 内 南浔(2584019247) 的消息: [CQ:image,file=747ff5b96462e87b4f438a010d5acaa9.image] (108446047) 
[2021-02-19 17:22:29] [INFO]: 收到群 ParticleSoft-开学快乐(1132182555) 内 Алкоголь(2656535298) 的消息: [CQ:image,file=e94d088cd80fee7b6fe2a17c007f88c8.image] (-1347770235) 
[2021-02-19 17:22:41] [INFO]: 收到群 ParticleSoft-开学快乐(1132182555) 内 南浔(2584019247) 的消息: 明天要报名？ (1101318569) 
[2021-02-19 17:22:44] [INFO]: 收到群 ParticleSoft-开学快乐(1132182555) 内 Алкоголь(2656535298) 的消息: [CQ:image,file=e94d088cd80fee7b6fe2a17c007f88c8.image] (916715839) 
[2021-02-19 17:22:54] [INFO]: 收到群 ParticleSoft-开学快乐(1132182555) 内 Алкоголь(2656535298) 的消息: ？ (-541041654) 
[2021-02-19 17:23:22] [INFO]: 收到群 ParticleSoft-开学快乐(1132182555) 内 南浔(2584019247) 的消息: [CQ:image,file=cdb2c830deedf1c9f19bff215e2981f8.image] (-1586421577) 
[2021-02-19 17:23:31] [INFO]: 收到群 ParticleSoft-开学快乐(1132182555) 内 南浔(2584019247) 的消息: [CQ:image,file=e11b1bb07e29914e4800e1287927f5d1.image] (-1229874748) 
[2021-02-19 17:24:00] [INFO]: 收到群 ParticleSoft-开学快乐(1132182555) 内 南浔(2584019247) 的消息: 显得我智商低 (1488976104) 
[2021-02-19 17:24:09] [INFO]: 收到群 ParticleSoft-开学快乐(1132182555) 内 Алкоголь(2656535298) 的消息: [CQ:at,qq=1634433532] 你第一个表情包就是熊略表情包了 (800639102) 
[2021-02-19 17:24:17] [INFO]: 收到群 ParticleSoft-开学快乐(1132182555) 内 Алкоголь(2656535298) 的消息: [CQ:image,file=b2a460fbc70b8f6441299e5119541e93.image] (-958698165) 
[2021-02-19 17:24:26] [INFO]: 收到群 ParticleSoft-开学快乐(1132182555) 内 南浔(2584019247) 的消息: [CQ:image,file=6c7dffc28d5c4e5c93b6cfefd70a8c05.image] (1607613681) 
[2021-02-19 17:24:51] [INFO]: 收到好友 Алкоголь(2656535298) 的消息: 南浔是谁 (-565963854) 
[2021-02-19 17:25:05] [INFO]: 收到好友 Алкоголь(2656535298) 的消息: 艹 (-1372657859) 
[2021-02-19 17:25:27] [INFO]: 收到群 ParticleSoft-开学快乐(1132182555) 内 Алкоголь(2656535298) 的消息: [CQ:image,file=7800c26edbfef8860f2d6f10f4e6bf77.image] (-814931616) 
[2021-02-19 17:29:32] [INFO]: 收到群 ParticleSoft-开学快乐(1132182555) 内 南浔(2584019247) 的消息: [CQ:at,qq=2661734285] 叫砖家 (-1650669049) 
[2021-02-19 17:31:30] [INFO]: 收到群 牛气冲天 · IronEggs(751555929) 内 嫩妹深蓝(1307754931) 的消息: [CQ:image,file=00e2616beaad4a35c7634656dd9b8d96.image] (81288963) 
[2021-02-19 17:31:34] [INFO]: 收到群 LapisLazuliEggs(156461483) 内 DeepBlue(1307754931) 的消息: [CQ:image,file=00e2616beaad4a35c7634656dd9b8d96.image] (1203203662) 
[2021-02-19 17:31:45] [INFO]: 收到群 ParticleSoft-开学快乐(1132182555) 内 南浔(2584019247) 的消息: 头衔 (1938991915) 
[2021-02-19 17:31:50] [INFO]: 收到群 ParticleSoft-开学快乐(1132182555) 内 南浔(2584019247) 的消息: [CQ:image,file=6c2db855525e2195ea406109823b8852.image] (76913597) 
[2021-02-19 17:32:12] [INFO]: 收到群 ParticleSoft-开学快乐(1132182555) 内 南浔(2584019247) 的消息: 砖家 (-1695478242) 
[2021-02-19 17:32:12] [INFO]: 收到群 LapisLazuliEggs(156461483) 内 早安~早安~早安~早安~早安~早安~早安~早安~(769707510) 的消息: 早 (-557957132) 
[2021-02-19 17:32:12] [INFO]: 收到群 LapisLazuliEggs(156461483) 内 CirnoBOT(1583469215) 的消息: [CQ:at,qq=769707510] 
早上好呀早安~早安~早安~早安~早安~早安~早安~早安~！
今天是第9个起床的哟~ (-1447489694) 
[2021-02-19 17:32:14] [INFO]: 收到群 LapisLazuliEggs(156461483) 内 早安~早安~早安~早安~早安~早安~早安~早安~(769707510) 的消息: &#91;好耶&#93; (956699379) 
[2021-02-19 17:32:57] [INFO]: 收到群 LapisLazuliEggs(156461483) 内 DeepBlue(1307754931) 的消息: [CQ:image,file=999ec1ea55b55eb3b326edd03f9c667e.image] (1308697189) 
[2021-02-19 17:38:04] [INFO]: 收到群 牛气冲天 · IronEggs(751555929) 内 柠檬精prime(2914891949) 的消息: [CQ:image,file=10e63a37d2af7d61bbdd04d67a2590d4.image] (-1647243591) 
[2021-02-19 17:38:46] [INFO]: 收到群 ParticleSoft-开学快乐(1132182555) 内 Алкоголь(2656535298) 的消息: [CQ:image,file=e94d088cd80fee7b6fe2a17c007f88c8.image] (1962897202) 
[2021-02-19 17:38:53] [INFO]: 群 ParticleSoft-开学快乐(1132182555) 内 Алкоголь(2656535298) 撤回了 Алкоголь(2656535298) 的消息: 1962897202. 
[2021-02-19 17:39:03] [INFO]: 收到群 ParticleSoft-开学快乐(1132182555) 内 Алкоголь(2656535298) 的消息: [CQ:image,file=7800c26edbfef8860f2d6f10f4e6bf77.image] (66609060) 
[2021-02-19 17:42:17] [INFO]: 收到群 ParticleSoft-开学快乐(1132182555) 内 Алкоголь(2656535298) 的消息: [CQ:at,qq=2661734285] 你基岩版名称是什么 (-2071463098) 
[2021-02-19 17:42:27] [INFO]: 收到群 ParticleSoft-开学快乐(1132182555) 内 Алкоголь(2656535298) 的消息: 我有正版 (-209663024) 
[2021-02-19 17:42:49] [INFO]: 收到群 yuh(964827714) 内 王优奶奶(1245687998) 的消息: [CQ:image,file=e03f4ea6a9098cd96eb17c067dce78e2.image] (574118767) 
[2021-02-19 17:42:51] [INFO]: 收到群 yuh(964827714) 内 王优奶奶(1245687998) 的消息: [CQ:image,file=e03f4ea6a9098cd96eb17c067dce78e2.image] (1430219769) 
[2021-02-19 17:42:52] [INFO]: 收到群 yuh(964827714) 内 王优奶奶(1245687998) 的消息: [CQ:image,file=e03f4ea6a9098cd96eb17c067dce78e2.image] (-883163558) 
[2021-02-19 17:42:53] [INFO]: 收到群 yuh(964827714) 内 王优奶奶(1245687998) 的消息: [CQ:image,file=e03f4ea6a9098cd96eb17c067dce78e2.image] (-1134768436) 
[2021-02-19 17:42:54] [INFO]: 收到群 yuh(964827714) 内 王优奶奶(1245687998) 的消息: [CQ:image,file=e03f4ea6a9098cd96eb17c067dce78e2.image] (626368374) 
[2021-02-19 17:42:55] [INFO]: 收到群 yuh(964827714) 内 王优奶奶(1245687998) 的消息: [CQ:image,file=e03f4ea6a9098cd96eb17c067dce78e2.image] (1381150688) 
[2021-02-19 17:42:56] [INFO]: 收到群 yuh(964827714) 内 王优奶奶(1245687998) 的消息: [CQ:image,file=e03f4ea6a9098cd96eb17c067dce78e2.image] (-1024609679) 
[2021-02-19 17:42:57] [INFO]: 收到群 yuh(964827714) 内 王优奶奶(1245687998) 的消息: [CQ:image,file=e03f4ea6a9098cd96eb17c067dce78e2.image] (-1242922265) 
[2021-02-19 17:42:58] [INFO]: 收到群 yuh(964827714) 内 王优奶奶(1245687998) 的消息: [CQ:image,file=e03f4ea6a9098cd96eb17c067dce78e2.image] (-718468350) 
[2021-02-19 17:42:59] [INFO]: 收到群 yuh(964827714) 内 王优奶奶(1245687998) 的消息: [CQ:image,file=e03f4ea6a9098cd96eb17c067dce78e2.image] (-1574290540) 
[2021-02-19 17:43:00] [INFO]: 收到群 yuh(964827714) 内 王优奶奶(1245687998) 的消息: [CQ:image,file=e03f4ea6a9098cd96eb17c067dce78e2.image] (992176686) 
[2021-02-19 17:43:02] [INFO]: 收到群 yuh(964827714) 内 王优奶奶(1245687998) 的消息: [CQ:image,file=e03f4ea6a9098cd96eb17c067dce78e2.image] (1277450936) 
[2021-02-19 17:43:03] [INFO]: 收到群 yuh(964827714) 内 王优奶奶(1245687998) 的消息: [CQ:image,file=e03f4ea6a9098cd96eb17c067dce78e2.image] (-767504613) 
[2021-02-19 17:43:04] [INFO]: 收到群 yuh(964827714) 内 王优奶奶(1245687998) 的消息: [CQ:image,file=e03f4ea6a9098cd96eb17c067dce78e2.image] (-1522008179) 
[2021-02-19 17:43:04] [INFO]: 收到群 yuh(964827714) 内 王优奥特曼（银河扫黄大队）(2584019247) 的消息: [CQ:at,qq=2137395164] 狮子王晚上还玩吗 (1011789367) 
[2021-02-19 17:43:05] [INFO]: 收到群 yuh(964827714) 内 王优奶奶(1245687998) 的消息: [CQ:image,file=e03f4ea6a9098cd96eb17c067dce78e2.image] (1263115937) 
[2021-02-19 17:43:06] [INFO]: 收到群 yuh(964827714) 内 王优奶奶(1245687998) 的消息: [CQ:image,file=e03f4ea6a9098cd96eb17c067dce78e2.image] (-604601552) 
[2021-02-19 17:43:27] [INFO]: 收到群 yuh(964827714) 内 王优奥特曼（银河扫黄大队）(2584019247) 的消息: 小心群主削你 (-1393445978) 
[2021-02-19 17:43:43] [INFO]: 收到群 yuh(964827714) 内 柯宇阳奥特曼(月神奇迹型)(2137395164) 的消息: 他刷屏了，是不是应该禁言 (-33531711) 
[2021-02-19 17:43:49] [INFO]: 收到群 yuh(964827714) 内 王优奥特曼（强壮日冕型）(3409953692) 的消息: 你闭嘴 (-1996003241) 
[2021-02-19 17:43:59] [INFO]: 收到群 yuh(964827714) 内 柯宇阳奥特曼(月神奇迹型)(2137395164) 的消息: 那就禁言吧 (269367789) 
[2021-02-19 17:44:01] [INFO]: 收到群 yuh(964827714) 内 王优奥特曼（银河扫黄大队）(2584019247) 的消息: [CQ:image,file=e11b1bb07e29914e4800e1287927f5d1.image] (1728645499) 
[2021-02-19 17:44:13] [INFO]: 收到群 yuh(964827714) 内 不爱ing.(995188600) 的消息: [CQ:image,file=f29d6fa4585fefe70837a68afdcdbb70.image] (-110256936) 
[2021-02-19 17:44:24] [INFO]: 收到群 yuh(964827714) 内 王优奥特曼（银河扫黄大队）(2584019247) 的消息: [CQ:image,file=cdb2c830deedf1c9f19bff215e2981f8.image] (-1905611698) 
[2021-02-19 17:44:54] [INFO]: 收到群 yuh(964827714) 内 柯宇阳奥特曼(月神奇迹型)(2137395164) 的消息: 话说禁言怎么弄？ (392429044) 
[2021-02-19 17:45:03] [INFO]: 收到群 ParticleSoft-开学快乐(1132182555) 内 Алкоголь(2656535298) 的消息: 加我 (-185790519) 
[2021-02-19 17:45:16] [INFO]: 收到群 ParticleSoft-开学快乐(1132182555) 内 Алкоголь(2656535298) 的消息: 电脑吗 (-1973652620) 
[2021-02-19 17:45:18] [INFO]: 收到群 ParticleSoft-开学快乐(1132182555) 内 Алкоголь(2656535298) 的消息: 啊这 (-44350494) 
[2021-02-19 17:45:24] [INFO]: 收到群 yuh(964827714) 内 王优奥特曼（银河扫黄大队）(2584019247) 的消息: [CQ:image,file=f78d32c180600489b64ff256c87ecfa9.image] (1617218914) 
[2021-02-19 17:45:36] [INFO]: 收到群 ParticleSoft-开学快乐(1132182555) 内 Алкоголь(2656535298) 的消息: pe (1389313083) 
[2021-02-19 17:45:40] [INFO]: 收到群 yuh(964827714) 内 王优奥特曼（银河扫黄大队）(2584019247) 的消息: 这么简单 (-254029581) 
[2021-02-19 17:45:46] [INFO]: 收到群 yuh(964827714) 内 王优奥特曼（银河扫黄大队）(2584019247) 的消息: [CQ:image,file=48da63f0dd18c3e070b643357c64ccc5.image] (-2015567771) 
[2021-02-19 17:45:50] [INFO]: 群 yuh(964827714) 内 王优奶奶(1245687998) 被 不爱ing.(995188600) 禁言了 600 秒. 
[2021-02-19 17:45:55] [INFO]: 收到群 yuh(964827714) 内 不爱ing.(995188600) 的消息: OK了 (-417633920) 
[2021-02-19 17:46:21] [INFO]: 收到群 ParticleSoft-开学快乐(1132182555) 内 Алкоголь(2656535298) 的消息: 啊这 (-987896397) 
[2021-02-19 17:46:21] [INFO]: 收到群 yuh(964827714) 内 王优奥特曼（银河扫黄大队）(2584019247) 的消息: [CQ:at,qq=2137395164] 狮子王晚上还玩吗 (-1877190378) 
[2021-02-19 17:46:28] [INFO]: 收到群 牛气冲天 · IronEggs(751555929) 内 3626(1790937260) 的消息: [CQ:image,file=ed50b59675294c695b327a66459ab692.image] (-355058129) 
[2021-02-19 17:46:28] [INFO]: 收到群 yuh(964827714) 内 柯宇阳奥特曼(月神奇迹型)(2137395164) 的消息: 玩不了 (152373420) 
[2021-02-19 17:46:29] [INFO]: 收到群 牛气冲天 · IronEggs(751555929) 内 3626(1790937260) 的消息: [CQ:image,file=0f49860da1a53b2520d2f4fcf47fee5e.image] (2053710782) 
[2021-02-19 17:46:31] [INFO]: 群 牛气冲天 · IronEggs(751555929) 内 3626(1790937260) 撤回了 3626(1790937260) 的消息: 2053710782. 
[2021-02-19 17:46:31] [INFO]: 收到群 yuh(964827714) 内 柯宇阳奥特曼(月神奇迹型)(2137395164) 的消息: 因为我要写作业 (2115123258) 
[2021-02-19 17:46:33] [INFO]: 收到群 yuh(964827714) 内 不爱ing.(995188600) 的消息: 补作业 (-529093223) 
[2021-02-19 17:46:33] [INFO]: 群 牛气冲天 · IronEggs(751555929) 内 3626(1790937260) 撤回了 3626(1790937260) 的消息: -355058129. 
[2021-02-19 17:46:35] [INFO]: 收到群 yuh(964827714) 内 不爱ing.(995188600) 的消息: 哈哈哈哈 (-1754161905) 
[2021-02-19 17:46:35] [INFO]: 收到群 ParticleSoft-开学快乐(1132182555) 内 Алкоголь(2656535298) 的消息: 你那个爱尔兰的朋友叫什么 (-1306864347) 
[2021-02-19 17:46:40] [INFO]: 收到群 yuh(964827714) 内 不爱ing.(995188600) 的消息: [CQ:face,id=277][CQ:face,id=277] (242797749) 
[2021-02-19 17:46:45] [INFO]: 收到群 yuh(964827714) 内 王优奥特曼（银河扫黄大队）(2584019247) 的消息: [CQ:image,file=3776e08eb23e506dcd85c306778ebe77.image] (2038430755) 
[2021-02-19 17:46:46] [INFO]: 收到群 ParticleSoft-开学快乐(1132182555) 内 卍解(2137395164) 的消息: 我要到我的世界挂了 (-1512412074) 
[2021-02-19 17:46:51] [INFO]: 收到群 ParticleSoft-开学快乐(1132182555) 内 卍解(2137395164) 的消息: 很牛逼的样子 (1020476908) 
[2021-02-19 17:46:55] [INFO]: 收到群 yuh(964827714) 内 王优奥特曼（强壮日冕型）(3409953692) 的消息: [CQ:image,file=6002600b7e0bbd942c2856f0404abec7.image] (-373235278) 
[2021-02-19 17:47:02] [INFO]: 收到群 yuh(964827714) 内 不爱ing.(995188600) 的消息: 我可真聪明 (-1631071964) 
[2021-02-19 17:47:03] [INFO]: 收到群 yuh(964827714) 内 不爱ing.(995188600) 的消息: [CQ:image,file=85d4e64f6f1224c39d1b793f3f96f42a.image] (-1470431417) 
[2021-02-19 17:47:09] [INFO]: 收到群 yuh(964827714) 内 柯宇阳奥特曼(月神奇迹型)(2137395164) 的消息: 补你马 (-547500079) 
[2021-02-19 17:47:11] [INFO]: 收到群 yuh(964827714) 内 韵(3209184473) 的消息: [CQ:image,file=463ff34e5a691f4555a07ef656d50c85.image] (1179950699) 
[2021-02-19 17:47:14] [INFO]: 收到群 yuh(964827714) 内 柯宇阳奥特曼(月神奇迹型)(2137395164) 的消息: 我这叫创造奇迹 (827567869) 
[2021-02-19 17:47:20] [INFO]: 收到群 ParticleSoft-开学快乐(1132182555) 内 Алкоголь(2656535298) 的消息: 他加我 (1272188282) 
[2021-02-19 17:47:22] [INFO]: 收到群 ParticleSoft-开学快乐(1132182555) 内 Алкоголь(2656535298) 的消息: 吧 (-709846823) 
[2021-02-19 17:47:23] [INFO]: 收到群 yuh(964827714) 内 韵(3209184473) 的消息: 明天写才是创造奇迹 (-1355334818) 
[2021-02-19 17:47:23] [INFO]: 收到群 yuh(964827714) 内 王优奥特曼（银河扫黄大队）(2584019247) 的消息: 恩 (-667939896) 
[2021-02-19 17:47:35] [INFO]: 收到群 ParticleSoft-开学快乐(1132182555) 内 Алкоголь(2656535298) 的消息: 我叫Furge0407 (-1565022129) 
[2021-02-19 17:47:40] [INFO]: 收到群 yuh(964827714) 内 王优奥特曼（银河扫黄大队）(2584019247) 的消息: 一支笔，一个夜 (1094277746) 
[2021-02-19 17:47:46] [INFO]: 收到群 yuh(964827714) 内 王优奥特曼（银河扫黄大队）(2584019247) 的消息: 创造奇迹 (910060260) 
[2021-02-19 17:47:54] [INFO]: 收到群 yuh(964827714) 内 王优奥特曼（强壮日冕型）(3409953692) 的消息: 还要一个王优 (-1501464715) 
[2021-02-19 17:47:57] [INFO]: 收到群 yuh(964827714) 内 柯宇阳奥特曼(月神奇迹型)(2137395164) 的消息: 发现笔没墨了 (-779728925) 
[2021-02-19 17:48:02] [INFO]: 收到群 yuh(964827714) 内 王优奥特曼（银河扫黄大队）(2584019247) 的消息: [CQ:image,file=5eac4d700153651af95813b199fc6ea4.image] (-1321087482) 
[2021-02-19 17:48:02] [INFO]: 收到群 yuh(964827714) 内 不爱ing.(995188600) 的消息: [CQ:reply,id=-1355334818][CQ:at,qq=3209184473] [CQ:at,qq=3209184473] 明天交？ (-968425840) 
[2021-02-19 17:48:06] [INFO]: 收到群 yuh(964827714) 内 不爱ing.(995188600) 的消息: 还是后天交 (1599057706) 
[2021-02-19 17:48:11] [INFO]: 收到群 yuh(964827714) 内 韵(3209184473) 的消息: [CQ:image,file=f19aa6ec6001147bd4e9721f80a638bc.image] (675848124) 
[2021-02-19 17:48:13] [INFO]: 收到群 yuh(964827714) 内 不爱ing.(995188600) 的消息: 到底哪天交？ (-1238627809) 
[2021-02-19 17:48:16] [INFO]: 收到群 yuh(964827714) 内 柯宇阳奥特曼(月神奇迹型)(2137395164) 的消息: [CQ:at,qq=3409953692] 你为什么要找我要字帖 (-1054131575) 
[2021-02-19 17:48:17] [INFO]: 收到群 yuh(964827714) 内 韵(3209184473) 的消息: 后天 (1478650675) 
[2021-02-19 17:48:28] [INFO]: 收到群 yuh(964827714) 内 不爱ing.(995188600) 的消息: [CQ:reply,id=1478650675][CQ:at,qq=3209184473] [CQ:at,qq=3209184473] 针不戳 (790977445) 
[2021-02-19 17:48:28] [INFO]: 收到群 yuh(964827714) 内 柯宇阳奥特曼(月神奇迹型)(2137395164) 的消息: [CQ:at,qq=3209184473]  (-1080408524) 
[2021-02-19 17:48:33] [INFO]: 收到群 yuh(964827714) 内 柯宇阳奥特曼(月神奇迹型)(2137395164) 的消息: 你的北京女朋友呢？ (-929204574) 
[2021-02-19 17:48:34] [INFO]: 收到群 yuh(964827714) 内 韵(3209184473) 的消息: 干嘛 (-1704157755) 
[2021-02-19 17:48:38] [INFO]: 收到群 yuh(964827714) 内 不爱ing.(995188600) 的消息: 明天下午要上课吗？[CQ:at,qq=3209184473]  (-311710381) 
[2021-02-19 17:48:38] [INFO]: 收到群 yuh(964827714) 内 韵(3209184473) 的消息: 傻逼 (1952644329) 
[2021-02-19 17:48:44] [INFO]: 收到群 yuh(964827714) 内 韵(3209184473) 的消息: 老子跟她聊天 (57003135) 
[2021-02-19 17:48:48] [INFO]: 收到群 yuh(964827714) 内 柯宇阳奥特曼(月神奇迹型)(2137395164) 的消息: [CQ:image,file=3f38e49ebfae0f141e6f110e8c09e1c1.image] (-1660855844) 
[2021-02-19 17:48:49] [INFO]: 收到群 yuh(964827714) 内 不爱ing.(995188600) 的消息: 冷静冷静 (-368678582) 
[2021-02-19 17:48:50] [INFO]: 收到群 yuh(964827714) 内 韵(3209184473) 的消息: 关你屁事 (1930377456) 
[2021-02-19 17:48:52] [INFO]: 收到群 yuh(964827714) 内 不爱ing.(995188600) 的消息: 冲动是魔鬼 (67635302) 
[2021-02-19 17:48:55] [INFO]: 收到群 yuh(964827714) 内 不爱ing.(995188600) 的消息: 都是同学 (-1799940617) 
[2021-02-19 17:48:58] [INFO]: 收到群 yuh(964827714) 内 王优奥特曼（银河扫黄大队）(2584019247) 的消息: ？？？ (-474995359) 
