[2021-02-15 11:43:42] [INFO]: 当前版本:v0.9.40 
[2021-02-15 11:43:42] [INFO]: 用户交流群: 721829413 
[2021-02-15 11:43:42] [INFO]: 将使用 device.json 内的设备信息运行Bot. 
[2021-02-15 11:43:42] [INFO]: Bot将在5秒后登录并开始信息处理, 按 Ctrl+C 取消. 
[2021-02-15 11:43:47] [INFO]: 开始尝试登录并同步消息... 
[2021-02-15 11:43:47] [INFO]: 使用协议: iPad 
[2021-02-15 11:43:47] [INFO]: Protocol -> connect to server: 113.96.13.95:8080 
[2021-02-15 11:43:48] [INFO]: 登录成功 欢迎使用: MiserBot 米姬 
[2021-02-15 11:43:49] [INFO]: 开始加载好友列表... 
[2021-02-15 11:43:49] [INFO]: 共加载 6 个好友. 
[2021-02-15 11:43:49] [INFO]: 开始加载群列表... 
[2021-02-15 11:43:49] [INFO]: 共加载 1 个群. 
[2021-02-15 11:43:49] [INFO]: 信息数据库初始化完成. 
[2021-02-15 11:43:49] [WARNING]: post_message_format 配置错误, 将自动使用 string 
[2021-02-15 11:43:49] [INFO]: 正在加载事件过滤器. 
[2021-02-15 11:43:49] [WARNING]: 事件过滤器启动失败: open filter.json: The system cannot find the file specified. 
[2021-02-15 11:43:49] [INFO]: 正在加载silk编码器... 
[2021-02-15 11:43:49] [INFO]: 资源初始化完成, 开始处理信息. 
[2021-02-15 11:43:49] [INFO]: アトリは、高性能ですから! 
[2021-02-15 11:43:49] [INFO]: 正在检查更新. 
[2021-02-15 11:43:49] [INFO]: CQ HTTP 服务器已启动: 0.0.0.0:3916 
[2021-02-15 11:43:50] [INFO]: 收到服务器地址更新通知, 根据配置文件已忽略. 
[2021-02-15 11:43:51] [INFO]: 检查更新完成. 当前已运行最新版本. 
[2021-02-15 14:50:40] [INFO]: 当前版本:v0.9.40 
[2021-02-15 14:50:40] [INFO]: 用户交流群: 721829413 
[2021-02-15 14:50:40] [INFO]: 将使用 device.json 内的设备信息运行Bot. 
[2021-02-15 14:50:40] [INFO]: Bot将在5秒后登录并开始信息处理, 按 Ctrl+C 取消. 
[2021-02-15 14:50:45] [INFO]: 开始尝试登录并同步消息... 
[2021-02-15 14:50:45] [INFO]: 使用协议: iPad 
[2021-02-15 14:50:46] [INFO]: Protocol -> connect to server: 113.96.12.217:8080 
[2021-02-15 14:50:47] [INFO]: 登录成功 欢迎使用: MiserBot 米姬 
[2021-02-15 14:50:48] [INFO]: 开始加载好友列表... 
[2021-02-15 14:50:48] [INFO]: 共加载 6 个好友. 
[2021-02-15 14:50:48] [INFO]: 开始加载群列表... 
[2021-02-15 14:50:48] [INFO]: 共加载 1 个群. 
[2021-02-15 14:50:48] [INFO]: 信息数据库初始化完成. 
[2021-02-15 14:50:48] [WARNING]: post_message_format 配置错误, 将自动使用 string 
[2021-02-15 14:50:48] [INFO]: 正在加载事件过滤器. 
[2021-02-15 14:50:48] [WARNING]: 事件过滤器启动失败: open filter.json: The system cannot find the file specified. 
[2021-02-15 14:50:48] [INFO]: 正在加载silk编码器... 
[2021-02-15 14:50:48] [INFO]: 资源初始化完成, 开始处理信息. 
[2021-02-15 14:50:48] [INFO]: アトリは、高性能ですから! 
[2021-02-15 14:50:48] [INFO]: 正在检查更新. 
[2021-02-15 14:50:48] [INFO]: CQ HTTP 服务器已启动: 0.0.0.0:3916 
[2021-02-15 14:50:49] [INFO]: 收到服务器地址更新通知, 根据配置文件已忽略. 
[2021-02-15 14:50:50] [INFO]: 检查更新完成. 当前已运行最新版本. 
[2021-02-15 14:58:18] [INFO]: 收到群 ParticleSoft-HVD(1132182555) 内 Mint 影粒(2661734285) 的消息: Hi (-668904167) 
[2021-02-15 14:58:24] [INFO]: 收到群 ParticleSoft-HVD(1132182555) 内 Mint 影粒(2661734285) 的消息: Test (1218332808) 
[2021-02-15 14:58:27] [INFO]: 收到群 ParticleSoft-HVD(1132182555) 内 Mint 影粒(2661734285) 的消息: Fuckkkk (1067022366) 
