[2021-02-14 18:23:09] [INFO]: 当前版本:v0.9.40 
[2021-02-14 18:23:09] [INFO]: 用户交流群: 721829413 
[2021-02-14 18:23:09] [INFO]: 将使用 device.json 内的设备信息运行Bot. 
[2021-02-14 18:23:09] [INFO]: Bot将在5秒后登录并开始信息处理, 按 Ctrl+C 取消. 
[2021-02-14 18:23:14] [INFO]: 开始尝试登录并同步消息... 
[2021-02-14 18:23:14] [INFO]: 使用协议: iPad 
[2021-02-14 18:23:15] [INFO]: Protocol -> connect to server: 109.244.129.181:8080 
[2021-02-14 18:23:16] [INFO]: 登录成功 欢迎使用: MiserBot 米姬 
[2021-02-14 18:23:17] [INFO]: 开始加载好友列表... 
[2021-02-14 18:23:17] [INFO]: 共加载 5 个好友. 
[2021-02-14 18:23:17] [INFO]: 开始加载群列表... 
[2021-02-14 18:23:17] [INFO]: 共加载 1 个群. 
[2021-02-14 18:23:17] [INFO]: 信息数据库初始化完成. 
[2021-02-14 18:23:17] [WARNING]: post_message_format 配置错误, 将自动使用 string 
[2021-02-14 18:23:17] [INFO]: 正在加载事件过滤器. 
[2021-02-14 18:23:17] [WARNING]: 事件过滤器启动失败: open filter.json: The system cannot find the file specified. 
[2021-02-14 18:23:17] [INFO]: 正在加载silk编码器... 
[2021-02-14 18:23:17] [INFO]: 资源初始化完成, 开始处理信息. 
[2021-02-14 18:23:17] [INFO]: アトリは、高性能ですから! 
[2021-02-14 18:23:17] [INFO]: 正在检查更新. 
[2021-02-14 18:23:17] [INFO]: CQ HTTP 服务器已启动: 0.0.0.0:3916 
[2021-02-14 18:23:18] [INFO]: 收到服务器地址更新通知, 根据配置文件已忽略. 
[2021-02-14 18:23:19] [INFO]: 检查更新完成. 当前已运行最新版本. 
[2021-02-14 18:24:00] [INFO]: 收到群 ParticleSoft-HVD(1132182555) 内 洛傻利亚(3156610084) 的消息: [CQ:image,file=9982f5fae264b0122be1b0e9225e2606.image] (1308061278) 
[2021-02-14 18:24:10] [INFO]: 收到群 ParticleSoft-HVD(1132182555) 内 洛傻利亚(3156610084) 的消息: [CQ:image,file=a3cb45fb6102b15efeea2ef7705967a7.image] (-1543958670) 
[2021-02-14 18:24:38] [INFO]: 收到群 ParticleSoft-HVD(1132182555) 内 Алкоголь(2656535298) 的消息: 是不是我看的那个视频？ (1033738961) 
[2021-02-14 18:24:46] [INFO]: 群 ParticleSoft-HVD(1132182555) 内 Алкоголь(2656535298) 撤回了 Алкоголь(2656535298) 的消息: 1033738961. 
[2021-02-14 18:25:00] [INFO]: 收到群 ParticleSoft-HVD(1132182555) 内 Алкоголь(2656535298) 的消息: 是不是你看的我那个视频？[CQ:at,qq=3156610084]  (-745276419) 
[2021-02-14 18:25:10] [INFO]: 群 ParticleSoft-HVD(1132182555) 内 Алкоголь(2656535298) 撤回了 Алкоголь(2656535298) 的消息: -745276419. 
[2021-02-14 18:25:17] [INFO]: 收到群 ParticleSoft-HVD(1132182555) 内 Алкоголь(2656535298) 的消息: 是不是你撤回的我那个视频？[CQ:at,qq=3156610084]  (-1533752469) 
[2021-02-14 18:25:40] [INFO]: 收到群 ParticleSoft-HVD(1132182555) 内 Mint 影粒(2661734285) 的消息: 病娇米姬 (1127016044) 
[2021-02-14 18:26:32] [INFO]: 收到群 ParticleSoft-HVD(1132182555) 内 洛傻利亚(3156610084) 的消息: [CQ:reply,id=-1533752469][CQ:at,qq=2656535298] [CQ:at,qq=2656535298] 不是 (1974585359) 
[2021-02-14 18:27:08] [INFO]: 收到群 ParticleSoft-HVD(1132182555) 内 Алкоголь(2656535298) 的消息: 哦哦 (45545625) 
[2021-02-14 18:27:14] [INFO]: 收到群 ParticleSoft-HVD(1132182555) 内 Алкоголь(2656535298) 的消息: 我看错了 (-1681938141) 
[2021-02-14 18:36:52] [INFO]: 收到群 ParticleSoft-HVD(1132182555) 内 爸爸(1783970584) 的消息: 爪哇猿人是你吗[CQ:at,qq=2661734285]  (-323446347) 
[2021-02-14 18:38:18] [INFO]: 群 ParticleSoft-HVD(1132182555) 内 Mint 影粒(2661734285) 撤回了 MiserBot 米姬(1634433532) 的消息: 1927023638. 
[2021-02-14 18:38:22] [INFO]: 收到群 ParticleSoft-HVD(1132182555) 内 Mint 影粒(2661734285) 的消息: 爬 (98253952) 
[2021-02-14 18:38:22] [INFO]: 收到群 ParticleSoft-HVD(1132182555) 内 爸爸(1783970584) 的消息: ？ (-1663931078) 
[2021-02-14 18:38:34] [INFO]: 收到群 ParticleSoft-HVD(1132182555) 内 爸爸(1783970584) 的消息: 抢大狗熊台词？ (-338338388) 
[2021-02-14 18:38:39] [INFO]: 收到群 ParticleSoft-HVD(1132182555) 内 爸爸(1783970584) 的消息: [CQ:image,file=55bf84f9d9636377b98cd3b4ad9c7bea.image] (2070560829) 
[2021-02-14 18:38:41] [INFO]: 收到群 ParticleSoft-HVD(1132182555) 内 爸爸(1783970584) 的消息: [CQ:image,file=254cbf1a56f7f3778d008577a23913c3.image] (208498859) 
[2021-02-14 18:38:43] [INFO]: 收到群 ParticleSoft-HVD(1132182555) 内 爸爸(1783970584) 的消息: [CQ:image,file=ba37827cba7f9827b3302c090202bae1.image] (1823144270) 
[2021-02-14 18:38:55] [INFO]: 收到群 ParticleSoft-HVD(1132182555) 内 Mint 影粒(2661734285) 的消息: 我决定以后米姬的台词就用powershell发了 (464374232) 
[2021-02-14 18:39:29] [INFO]: 收到群 ParticleSoft-HVD(1132182555) 内 爸爸(1783970584) 的消息: 哦哦工具人 (-173823756) 
[2021-02-14 18:39:36] [INFO]: 收到群 ParticleSoft-HVD(1132182555) 内 爸爸(1783970584) 的消息: 你的小号？ (1808219479) 
[2021-02-14 18:39:58] [INFO]: 收到群 ParticleSoft-HVD(1132182555) 内 Алкоголь(2656535298) 的消息: [CQ:at,qq=1783970584] 不是 (482348481) 
[2021-02-14 18:40:09] [INFO]: 收到群 ParticleSoft-HVD(1132182555) 内 爸爸(1783970584) 的消息: 女朋友？ (-2050401157) 
[2021-02-14 18:40:11] [INFO]: 收到群 ParticleSoft-HVD(1132182555) 内 爸爸(1783970584) 的消息: [CQ:image,file=88804215c5cf4d0b191d92122e4acccb.image] (-221352723) 
[2021-02-14 18:40:46] [INFO]: 收到群 ParticleSoft-HVD(1132182555) 内 爸爸(1783970584) 的消息: 禁止本群每分钟只能发5条信息 (1651601788) 
[2021-02-14 18:41:01] [INFO]: 收到群 ParticleSoft-HVD(1132182555) 内 爸爸(1783970584) 的消息: 好家伙每次说话都要等 (360071658) 
[2021-02-14 18:41:27] [INFO]: 收到群 ParticleSoft-HVD(1132182555) 内 洛傻利亚(3156610084) 的消息: [CQ:at,qq=1783970584] 说什么呢 (1200073357) 
[2021-02-14 18:41:33] [INFO]: 收到群 ParticleSoft-HVD(1132182555) 内 洛傻利亚(3156610084) 的消息: 米姬 (813734427) 
[2021-02-14 18:41:37] [INFO]: 收到群 ParticleSoft-HVD(1132182555) 内 洛傻利亚(3156610084) 的消息: 是我好姬友（ (-1450587231) 
[2021-02-14 18:41:48] [INFO]: 收到群 ParticleSoft-HVD(1132182555) 内 爸爸(1783970584) 的消息: 哦哦哦 (-561054921) 
[2021-02-14 18:41:59] [INFO]: 收到群 ParticleSoft-HVD(1132182555) 内 爸爸(1783970584) 的消息: 括号没删干净扣五毛（ (1089105556) 
[2021-02-14 18:42:41] [INFO]: 收到群 ParticleSoft-HVD(1132182555) 内 Mint 影粒(2661734285) 的消息: （ (938302978) 
[2021-02-14 18:43:17] [INFO]: 收到群 ParticleSoft-HVD(1132182555) 内 爸爸(1783970584) 的消息: 怎么看都像个小号 (-639418578) 
[2021-02-14 18:43:39] [INFO]: 收到群 ParticleSoft-HVD(1132182555) 内 Mint 影粒(2661734285) 的消息: 阿这 (1230774975) 
[2021-02-14 18:43:42] [INFO]: 收到群 ParticleSoft-HVD(1132182555) 内 Mint 影粒(2661734285) 的消息: 机器人 (1046155817) 
[2021-02-14 18:43:46] [INFO]: 收到群 ParticleSoft-HVD(1132182555) 内 爸爸(1783970584) 的消息: ？ (1587321804) 
[2021-02-14 18:43:50] [INFO]: 收到群 ParticleSoft-HVD(1132182555) 内 爸爸(1783970584) 的消息: 好家伙 (698067802) 
[2021-02-14 18:43:51] [INFO]: 收到群 ParticleSoft-HVD(1132182555) 内 Mint 影粒(2661734285) 的消息: 就是程序还没写好 (-1332544800) 
[2021-02-14 18:44:01] [INFO]: 收到群 ParticleSoft-HVD(1132182555) 内 Mint 影粒(2661734285) 的消息: 在写了再写了 (-946484618) 
[2021-02-14 18:44:04] [INFO]: 收到群 ParticleSoft-HVD(1132182555) 内 爸爸(1783970584) 的消息: 那谁撤回我信息的 (1508990933) 
[2021-02-14 18:44:10] [INFO]: 收到群 ParticleSoft-HVD(1132182555) 内 Mint 影粒(2661734285) 的消息: [CQ:image,file=e67dd7683f25093694098da652498e90.image] (787902275) 
[2021-02-14 18:44:44] [INFO]: 收到群 ParticleSoft-HVD(1132182555) 内 爸爸(1783970584) 的消息: 好家伙 (-1057485201) 
[2021-02-14 18:45:07] [INFO]: 收到群 ParticleSoft-HVD(1132182555) 内 爸爸(1783970584) 的消息: so fk dingle (1346835454) 
[2021-02-14 18:45:24] [INFO]: 收到群 ParticleSoft-HVD(1132182555) 内 爸爸(1783970584) 的消息: [CQ:reply,id=1346835454][CQ:at,qq=1783970584] 忘记加ing了将就看 (658514792) 
[2021-02-14 18:45:36] [INFO]: 收到来自群 ParticleSoft-HVD(1132182555) 内 爸爸(1783970584) 的临时会话消息: u have no mother 
[2021-02-14 18:45:47] [INFO]: 收到来自群 ParticleSoft-HVD(1132182555) 内 爸爸(1783970584) 的临时会话消息: r u robot? 
[2021-02-14 18:46:03] [INFO]: 收到来自群 ParticleSoft-HVD(1132182555) 内 爸爸(1783970584) 的临时会话消息: if no please type 2 
[2021-02-14 18:46:15] [INFO]: 收到来自 爸爸(1783970584) 的好友请求: 我是熊略 
[2021-02-14 18:46:34] [INFO]: 收到来自群 ParticleSoft-HVD(1132182555) 内 爸爸(1783970584) 的临时会话消息: r u big dog bear? 
[2021-02-14 18:46:41] [INFO]: 收到来自群 ParticleSoft-HVD(1132182555) 内 爸爸(1783970584) 的临时会话消息: [CQ:image,file=88804215c5cf4d0b191d92122e4acccb.image] 
[2021-02-14 18:47:04] [INFO]: 收到来自群 ParticleSoft-HVD(1132182555) 内 爸爸(1783970584) 的临时会话消息: 账号注册时间不到三天 
[2021-02-14 18:47:18] [INFO]: 收到来自群 ParticleSoft-HVD(1132182555) 内 爸爸(1783970584) 的临时会话消息: ？ 
[2021-02-14 18:56:27] [INFO]: 收到来自 爸爸(1783970584) 的好友请求: 我是熊略 
[2021-02-14 19:07:17] [ERROR]: Protocol -> panic on decoder OnlinePush.ReqPush : EOF
goroutine 128 [running]:
runtime/debug.Stack(0x121b9b74, 0x8d9520, 0x12006028)
	/usr/local/go/src/runtime/debug/stack.go:24 +0x83
github.com/Mrs4s/MiraiGo/client.(*QQClient).netLoop.func2.1(0x124a6000, 0x121e8000)
	/go/pkg/mod/github.com/!mrs4s/!mirai!go@v0.0.0-20210206134348-800bf525ed0e/client/client.go:904 +0x42
panic(0x8d9520, 0x12006028)
	/usr/local/go/src/runtime/panic.go:969 +0x153
github.com/Mrs4s/MiraiGo/binary/jce.(*JceReader).readBytes(...)
	/go/pkg/mod/github.com/!mrs4s/!mirai!go@v0.0.0-20210206134348-800bf525ed0e/binary/jce/reader.go:96
github.com/Mrs4s/MiraiGo/binary/jce.(*JceReader).ReadAny(0x121b9df4, 0xa, 0x20, 0x0)
	/go/pkg/mod/github.com/!mrs4s/!mirai!go@v0.0.0-20210206134348-800bf525ed0e/binary/jce/reader.go:319 +0xae3
github.com/Mrs4s/MiraiGo/client.decodeOnlinePushReqPacket(0x124a6000, 0x1233989e, 0x121c4000, 0x161, 0x161, 0x1, 0x0, 0x0, 0x0)
	/go/pkg/mod/github.com/!mrs4s/!mirai!go@v0.0.0-20210206134348-800bf525ed0e/client/decoders.go:610 +0x6d7
github.com/Mrs4s/MiraiGo/client.(*QQClient).netLoop.func2(0x124a6000, 0x121e8000, 0x121c4000, 0x161, 0x161)
	/go/pkg/mod/github.com/!mrs4s/!mirai!go@v0.0.0-20210206134348-800bf525ed0e/client/client.go:910 +0xb6
created by github.com/Mrs4s/MiraiGo/client.(*QQClient).netLoop
	/go/pkg/mod/github.com/!mrs4s/!mirai!go@v0.0.0-20210206134348-800bf525ed0e/client/client.go:901 +0x434
 
[2021-02-14 19:07:17] [INFO]: 添加了新好友: 逝.(1783970584) 
[2021-02-14 19:07:43] [INFO]: 收到群 ParticleSoft-HVD(1132182555) 内 Алкоголь(2656535298) 的消息: [CQ:video,file=78fcfdab4343649f3e3143d02c0cc169.video] (-654014717) 
[2021-02-14 19:08:38] [INFO]: 收到群 ParticleSoft-HVD(1132182555) 内 Mint 影粒(2661734285) 的消息: 未曾设想的道路 (-1375488107) 
[2021-02-14 19:13:15] [INFO]: 收到群 ParticleSoft-HVD(1132182555) 内 洛傻利亚(3156610084) 的消息: [CQ:reply,id=1089105556][CQ:at,qq=1783970584] [CQ:at,qq=1783970584] 下次一定 下次一定 (-1452379252) 
[2021-02-14 19:16:40] [INFO]: 收到群 ParticleSoft-HVD(1132182555) 内 Mint 影粒(2661734285) 的消息: 白嫖党狂喜 (812065334) 
